\BOOKMARK [1][-]{section.1}{\376\377\000P\000A\0001\000-\0001}{}% 1
\BOOKMARK [2][-]{subsection.1.1}{\376\377\140\035\200\003\230\230}{section.1}% 2
\BOOKMARK [1][-]{section.2}{\376\377\000P\000A\0001\000-\0002}{}% 3
\BOOKMARK [2][-]{subsection.2.1}{\376\377\000a\000d\000d}{section.2}% 4
\BOOKMARK [2][-]{subsection.2.2}{\376\377\000a\000d\000c}{section.2}% 5
\BOOKMARK [2][-]{subsection.2.3}{\376\377\000s\000u\000b}{section.2}% 6
\BOOKMARK [2][-]{subsection.2.4}{\376\377\000s\000b\000b}{section.2}% 7
\BOOKMARK [2][-]{subsection.2.5}{\376\377\000m\000u\000l}{section.2}% 8
\BOOKMARK [2][-]{subsection.2.6}{\376\377\000i\000m\000u\000l}{section.2}% 9
\BOOKMARK [2][-]{subsection.2.7}{\376\377\000d\000i\000v\000\040\000m\000o\000d}{section.2}% 10
\BOOKMARK [2][-]{subsection.2.8}{\376\377\000i\000d\000i\000v\000\040\000i\000m\000o\000d}{section.2}% 11
\BOOKMARK [2][-]{subsection.2.9}{\376\377\000a\000n\000d\000\040\000o\000r\000\040\000x\000o\000r}{section.2}% 12
\BOOKMARK [2][-]{subsection.2.10}{\376\377\000s\000h\000l\000\040\000s\000a\000l}{section.2}% 13
\BOOKMARK [2][-]{subsection.2.11}{\376\377\000s\000h\000r}{section.2}% 14
\BOOKMARK [2][-]{subsection.2.12}{\376\377\000s\000a\000r}{section.2}% 15
\BOOKMARK [1][-]{section.3}{\376\377\000P\000A\0001\000-\0003}{}% 16
\BOOKMARK [2][-]{subsection.3.1}{\376\377\122\240\121\317\154\325}{section.3}% 17
\BOOKMARK [2][-]{subsection.3.2}{\376\377\116\130\226\144\154\325}{section.3}% 18
\BOOKMARK [2][-]{subsection.3.3}{\376\377\211\304\203\003\123\026\000\040\000i\000n\000t\000e\000r\000n\000a\000l\000\137\000n\000o\000r\000m\000a\000l\000i\000z\000e}{section.3}% 19
\BOOKMARK [2][-]{subsection.3.4}{\376\377\140\035\200\003\230\230}{section.3}% 20
\BOOKMARK [1][-]{section.4}{\376\377\137\303\137\227\117\123\117\032}{}% 21
